# JRE version: OpenJDK Runtime Environment GraalVM CE 22.3.0 (17.0.5+8) (build 17.0.5+8-jvmci-22.3-b08)
# Java VM: OpenJDK 64-Bit Server VM GraalVM CE 22.3.0 (17.0.5+8-jvmci-22.3-b08, mixed mode, sharing, tiered, jvmci, jvmci compiler, compressed oops, compressed class ptrs, parallel gc, linux-amd64)
GC Precious Log:
 CPUs: 8 total, 4 available
 Memory: 8192M
 Large Page Support: Disabled
 NUMA Support: Disabled
 Compressed Oops: Enabled (32-bit)
 Alignments: Space 512K, Generation 512K, Heap 2M
 Heap Min Capacity: 100M
 Heap Initial Capacity: 100M
 Heap Max Capacity: 512M
 Pre-touch: Disabled
 Parallel Workers: 4
Heap:
 PSYoungGen      total 20480K, used 15360K [0x00000000f5580000, 0x00000000f6f80000, 0x0000000100000000)
  eden space 15360K, 100% used [0x00000000f5580000,0x00000000f6480000,0x00000000f6480000)
  from space 5120K, 0% used [0x00000000f6980000,0x00000000f6980000,0x00000000f6e80000)
  to   space 5120K, 0% used [0x00000000f6480000,0x00000000f6480000,0x00000000f6980000)
 ParOldGen       total 349696K, used 349695K [0x00000000e0000000, 0x00000000f5580000, 0x00000000f5580000)
  object space 349696K, 99% used [0x00000000e0000000,0x00000000f557fdd8,0x00000000f5580000)
 Metaspace       used 56529K, committed 57664K, reserved 1105920K
  class space    used 5544K, committed 5952K, reserved 1048576K
GC Heap History (20 events):
Event: 106.747 GC heap before
{Heap before GC invocations=457 (full 332):
 PSYoungGen      total 20480K, used 15359K [0x00000000f5580000, 0x00000000f6f80000, 0x0000000100000000)
  eden space 15360K, 99% used [0x00000000f5580000,0x00000000f647fff8,0x00000000f6480000)
  from space 5120K, 0% used [0x00000000f6980000,0x00000000f6980000,0x00000000f6e80000)
  to   space 5120K, 0% used [0x00000000f6480000,0x00000000f6480000,0x00000000f6980000)
 ParOldGen       total 349696K, used 349691K [0x00000000e0000000, 0x00000000f5580000, 0x00000000f5580000)
  object space 349696K, 99% used [0x00000000e0000000,0x00000000f557eed0,0x00000000f5580000)
 Metaspace       used 56529K, committed 57664K, reserved 1105920K
  class space    used 5544K, committed 5952K, reserved 1048576K
}
Event: 107.030 GC heap after
{Heap after GC invocations=457 (full 332):
 PSYoungGen      total 20480K, used 15359K [0x00000000f5580000, 0x00000000f6f80000, 0x0000000100000000)
  eden space 15360K, 99% used [0x00000000f5580000,0x00000000f647ffe0,0x00000000f6480000)
  from space 5120K, 0% used [0x00000000f6480000,0x00000000f6480000,0x00000000f6980000)
  to   space 5120K, 0% used [0x00000000f6980000,0x00000000f6980000,0x00000000f6e80000)
 ParOldGen       total 349696K, used 349691K [0x00000000e0000000, 0x00000000f5580000, 0x00000000f5580000)
  object space 349696K, 99% used [0x00000000e0000000,0x00000000f557ec68,0x00000000f5580000)
 Metaspace       used 56529K, committed 57664K, reserved 1105920K
  class space    used 5544K, committed 5952K, reserved 1048576K
}
Event: 107.030 GC heap before
{Heap before GC invocations=458 (full 333):
 PSYoungGen      total 20480K, used 15359K [0x00000000f5580000, 0x00000000f6f80000, 0x0000000100000000)
  eden space 15360K, 99% used [0x00000000f5580000,0x00000000f647fff8,0x00000000f6480000)
  from space 5120K, 0% used [0x00000000f6480000,0x00000000f6480000,0x00000000f6980000)
  to   space 5120K, 0% used [0x00000000f6980000,0x00000000f6980000,0x00000000f6e80000)
 ParOldGen       total 349696K, used 349691K [0x00000000e0000000, 0x00000000f5580000, 0x00000000f5580000)
  object space 349696K, 99% used [0x00000000e0000000,0x00000000f557ec68,0x00000000f5580000)
 Metaspace       used 56529K, committed 57664K, reserved 1105920K
  class space    used 5544K, committed 5952K, reserved 1048576K
}
Event: 107.265 GC heap after
{Heap after GC invocations=458 (full 333):
 PSYoungGen      total 20480K, used 15359K [0x00000000f5580000, 0x00000000f6f80000, 0x0000000100000000)
  eden space 15360K, 99% used [0x00000000f5580000,0x00000000f647fff8,0x00000000f6480000)
  from space 5120K, 0% used [0x00000000f6980000,0x00000000f6980000,0x00000000f6e80000)
  to   space 5120K, 0% used [0x00000000f6480000,0x00000000f6480000,0x00000000f6980000)
 ParOldGen       total 349696K, used 349691K [0x00000000e0000000, 0x00000000f5580000, 0x00000000f5580000)
  object space 349696K, 99% used [0x00000000e0000000,0x00000000f557ec68,0x00000000f5580000)
 Metaspace       used 56529K, committed 57664K, reserved 1105920K
  class space    used 5544K, committed 5952K, reserved 1048576K
}
Event: 107.265 GC heap before
{Heap before GC invocations=459 (full 334):
 PSYoungGen      total 20480K, used 15359K [0x00000000f5580000, 0x00000000f6f80000, 0x0000000100000000)
  eden space 15360K, 99% used [0x00000000f5580000,0x00000000f647fff8,0x00000000f6480000)
  from space 5120K, 0% used [0x00000000f6980000,0x00000000f6980000,0x00000000f6e80000)
  to   space 5120K, 0% used [0x00000000f6480000,0x00000000f6480000,0x00000000f6980000)
 ParOldGen       total 349696K, used 349692K [0x00000000e0000000, 0x00000000f5580000, 0x00000000f5580000)
  object space 349696K, 99% used [0x00000000e0000000,0x00000000f557f308,0x00000000f5580000)
 Metaspace       used 56529K, committed 57664K, reserved 1105920K
  class space    used 5544K, committed 5952K, reserved 1048576K
}
Event: 107.506 GC heap after
{Heap after GC invocations=459 (full 334):
 PSYoungGen      total 20480K, used 15359K [0x00000000f5580000, 0x00000000f6f80000, 0x0000000100000000)
  eden space 15360K, 99% used [0x00000000f5580000,0x00000000f647fff8,0x00000000f6480000)
  from space 5120K, 0% used [0x00000000f6480000,0x00000000f6480000,0x00000000f6980000)
  to   space 5120K, 0% used [0x00000000f6980000,0x00000000f6980000,0x00000000f6e80000)
 ParOldGen       total 349696K, used 349692K [0x00000000e0000000, 0x00000000f5580000, 0x00000000f5580000)
  object space 349696K, 99% used [0x00000000e0000000,0x00000000f557f2a8,0x00000000f5580000)
 Metaspace       used 56529K, committed 57664K, reserved 1105920K
  class space    used 5544K, committed 5952K, reserved 1048576K
}
Event: 107.506 GC heap before
{Heap before GC invocations=460 (full 335):
 PSYoungGen      total 20480K, used 15359K [0x00000000f5580000, 0x00000000f6f80000, 0x0000000100000000)
  eden space 15360K, 99% used [0x00000000f5580000,0x00000000f647fff8,0x00000000f6480000)
  from space 5120K, 0% used [0x00000000f6480000,0x00000000f6480000,0x00000000f6980000)
  to   space 5120K, 0% used [0x00000000f6980000,0x00000000f6980000,0x00000000f6e80000)
 ParOldGen       total 349696K, used 349694K [0x00000000e0000000, 0x00000000f5580000, 0x00000000f5580000)
  object space 349696K, 99% used [0x00000000e0000000,0x00000000f557fb50,0x00000000f5580000)
 Metaspace       used 56529K, committed 57664K, reserved 1105920K
  class space    used 5544K, committed 5952K, reserved 1048576K
}
Event: 107.765 GC heap after
{Heap after GC invocations=460 (full 335):
 PSYoungGen      total 20480K, used 15359K [0x00000000f5580000, 0x00000000f6f80000, 0x0000000100000000)
  eden space 15360K, 99% used [0x00000000f5580000,0x00000000f647ffc8,0x00000000f6480000)
  from space 5120K, 0% used [0x00000000f6980000,0x00000000f6980000,0x00000000f6e80000)
  to   space 5120K, 0% used [0x00000000f6480000,0x00000000f6480000,0x00000000f6980000)
 ParOldGen       total 349696K, used 349694K [0x00000000e0000000, 0x00000000f5580000, 0x00000000f5580000)
  object space 349696K, 99% used [0x00000000e0000000,0x00000000f557f910,0x00000000f5580000)
 Metaspace       used 56529K, committed 57664K, reserved 1105920K
  class space    used 5544K, committed 5952K, reserved 1048576K
}
Event: 107.766 GC heap before
{Heap before GC invocations=461 (full 336):
 PSYoungGen      total 20480K, used 15359K [0x00000000f5580000, 0x00000000f6f80000, 0x0000000100000000)
  eden space 15360K, 99% used [0x00000000f5580000,0x00000000f647ffe0,0x00000000f6480000)
  from space 5120K, 0% used [0x00000000f6980000,0x00000000f6980000,0x00000000f6e80000)
  to   space 5120K, 0% used [0x00000000f6480000,0x00000000f6480000,0x00000000f6980000)
 ParOldGen       total 349696K, used 349694K [0x00000000e0000000, 0x00000000f5580000, 0x00000000f5580000)
  object space 349696K, 99% used [0x00000000e0000000,0x00000000f557f910,0x00000000f5580000)
 Metaspace       used 56529K, committed 57664K, reserved 1105920K
  class space    used 5544K, committed 5952K, reserved 1048576K
}
Event: 108.006 GC heap after
{Heap after GC invocations=461 (full 336):
 PSYoungGen      total 20480K, used 15359K [0x00000000f5580000, 0x00000000f6f80000, 0x0000000100000000)
  eden space 15360K, 99% used [0x00000000f5580000,0x00000000f647ffc8,0x00000000f6480000)
  from space 5120K, 0% used [0x00000000f6480000,0x00000000f6480000,0x00000000f6980000)
  to   space 5120K, 0% used [0x00000000f6980000,0x00000000f6980000,0x00000000f6e80000)
 ParOldGen       total 349696K, used 349694K [0x00000000e0000000, 0x00000000f5580000, 0x00000000f5580000)
  object space 349696K, 99% used [0x00000000e0000000,0x00000000f557f828,0x00000000f5580000)
 Metaspace       used 56529K, committed 57664K, reserved 1105920K
  class space    used 5544K, committed 5952K, reserved 1048576K
}
Event: 108.006 GC heap before
{Heap before GC invocations=462 (full 337):
 PSYoungGen      total 20480K, used 15360K [0x00000000f5580000, 0x00000000f6f80000, 0x0000000100000000)
  eden space 15360K, 100% used [0x00000000f5580000,0x00000000f6480000,0x00000000f6480000)
  from space 5120K, 0% used [0x00000000f6480000,0x00000000f6480000,0x00000000f6980000)
  to   space 5120K, 0% used [0x00000000f6980000,0x00000000f6980000,0x00000000f6e80000)
 ParOldGen       total 349696K, used 349694K [0x00000000e0000000, 0x00000000f5580000, 0x00000000f5580000)
  object space 349696K, 99% used [0x00000000e0000000,0x00000000f557f828,0x00000000f5580000)
 Metaspace       used 56529K, committed 57664K, reserved 1105920K
  class space    used 5544K, committed 5952K, reserved 1048576K
}
Event: 108.258 GC heap after
{Heap after GC invocations=462 (full 337):
 PSYoungGen      total 20480K, used 15359K [0x00000000f5580000, 0x00000000f6f80000, 0x0000000100000000)
  eden space 15360K, 99% used [0x00000000f5580000,0x00000000f647fff0,0x00000000f6480000)
  from space 5120K, 0% used [0x00000000f6980000,0x00000000f6980000,0x00000000f6e80000)
  to   space 5120K, 0% used [0x00000000f6480000,0x00000000f6480000,0x00000000f6980000)
 ParOldGen       total 349696K, used 349693K [0x00000000e0000000, 0x00000000f5580000, 0x00000000f5580000)
  object space 349696K, 99% used [0x00000000e0000000,0x00000000f557f7f0,0x00000000f5580000)
 Metaspace       used 56529K, committed 57664K, reserved 1105920K
  class space    used 5544K, committed 5952K, reserved 1048576K
}
Event: 108.259 GC heap before
{Heap before GC invocations=463 (full 338):
 PSYoungGen      total 20480K, used 15360K [0x00000000f5580000, 0x00000000f6f80000, 0x0000000100000000)
  eden space 15360K, 100% used [0x00000000f5580000,0x00000000f6480000,0x00000000f6480000)
  from space 5120K, 0% used [0x00000000f6980000,0x00000000f6980000,0x00000000f6e80000)
  to   space 5120K, 0% used [0x00000000f6480000,0x00000000f6480000,0x00000000f6980000)
 ParOldGen       total 349696K, used 349695K [0x00000000e0000000, 0x00000000f5580000, 0x00000000f5580000)
  object space 349696K, 99% used [0x00000000e0000000,0x00000000f557fcf0,0x00000000f5580000)
 Metaspace       used 56529K, committed 57664K, reserved 1105920K
  class space    used 5544K, committed 5952K, reserved 1048576K
}
Event: 108.530 GC heap after
{Heap after GC invocations=463 (full 338):
 PSYoungGen      total 20480K, used 15360K [0x00000000f5580000, 0x00000000f6f80000, 0x0000000100000000)
  eden space 15360K, 100% used [0x00000000f5580000,0x00000000f6480000,0x00000000f6480000)
  from space 5120K, 0% used [0x00000000f6480000,0x00000000f6480000,0x00000000f6980000)
  to   space 5120K, 0% used [0x00000000f6980000,0x00000000f6980000,0x00000000f6e80000)
 ParOldGen       total 349696K, used 349694K [0x00000000e0000000, 0x00000000f5580000, 0x00000000f5580000)
  object space 349696K, 99% used [0x00000000e0000000,0x00000000f557fbb0,0x00000000f5580000)
 Metaspace       used 56529K, committed 57664K, reserved 1105920K
  class space    used 5544K, committed 5952K, reserved 1048576K
}
Event: 108.530 GC heap before
{Heap before GC invocations=464 (full 339):
 PSYoungGen      total 20480K, used 15360K [0x00000000f5580000, 0x00000000f6f80000, 0x0000000100000000)
  eden space 15360K, 100% used [0x00000000f5580000,0x00000000f6480000,0x00000000f6480000)
  from space 5120K, 0% used [0x00000000f6480000,0x00000000f6480000,0x00000000f6980000)
  to   space 5120K, 0% used [0x00000000f6980000,0x00000000f6980000,0x00000000f6e80000)
 ParOldGen       total 349696K, used 349694K [0x00000000e0000000, 0x00000000f5580000, 0x00000000f5580000)
  object space 349696K, 99% used [0x00000000e0000000,0x00000000f557fbb0,0x00000000f5580000)
 Metaspace       used 56529K, committed 57664K, reserved 1105920K
  class space    used 5544K, committed 5952K, reserved 1048576K
}
Event: 108.806 GC heap after
{Heap after GC invocations=464 (full 339):
 PSYoungGen      total 20480K, used 15360K [0x00000000f5580000, 0x00000000f6f80000, 0x0000000100000000)
  eden space 15360K, 100% used [0x00000000f5580000,0x00000000f6480000,0x00000000f6480000)
  from space 5120K, 0% used [0x00000000f6980000,0x00000000f6980000,0x00000000f6e80000)
  to   space 5120K, 0% used [0x00000000f6480000,0x00000000f6480000,0x00000000f6980000)
 ParOldGen       total 349696K, used 349694K [0x00000000e0000000, 0x00000000f5580000, 0x00000000f5580000)
  object space 349696K, 99% used [0x00000000e0000000,0x00000000f557fbb0,0x00000000f5580000)
 Metaspace       used 56529K, committed 57664K, reserved 1105920K
  class space    used 5544K, committed 5952K, reserved 1048576K
}
Event: 108.807 GC heap before
{Heap before GC invocations=465 (full 340):
 PSYoungGen      total 20480K, used 15360K [0x00000000f5580000, 0x00000000f6f80000, 0x0000000100000000)
  eden space 15360K, 100% used [0x00000000f5580000,0x00000000f6480000,0x00000000f6480000)
  from space 5120K, 0% used [0x00000000f6980000,0x00000000f6980000,0x00000000f6e80000)
  to   space 5120K, 0% used [0x00000000f6480000,0x00000000f6480000,0x00000000f6980000)
 ParOldGen       total 349696K, used 349695K [0x00000000e0000000, 0x00000000f5580000, 0x00000000f5580000)
  object space 349696K, 99% used [0x00000000e0000000,0x00000000f557fcc0,0x00000000f5580000)
 Metaspace       used 56529K, committed 57664K, reserved 1105920K
  class space    used 5544K, committed 5952K, reserved 1048576K
}
Event: 109.102 GC heap after
{Heap after GC invocations=465 (full 340):
 PSYoungGen      total 20480K, used 15360K [0x00000000f5580000, 0x00000000f6f80000, 0x0000000100000000)
  eden space 15360K, 100% used [0x00000000f5580000,0x00000000f6480000,0x00000000f6480000)
  from space 5120K, 0% used [0x00000000f6480000,0x00000000f6480000,0x00000000f6980000)
  to   space 5120K, 0% used [0x00000000f6980000,0x00000000f6980000,0x00000000f6e80000)
 ParOldGen       total 349696K, used 349693K [0x00000000e0000000, 0x00000000f5580000, 0x00000000f5580000)
  object space 349696K, 99% used [0x00000000e0000000,0x00000000f557f6d0,0x00000000f5580000)
 Metaspace       used 56529K, committed 57664K, reserved 1105920K
  class space    used 5544K, committed 5952K, reserved 1048576K
}
Event: 109.102 GC heap before
{Heap before GC invocations=466 (full 341):
 PSYoungGen      total 20480K, used 15360K [0x00000000f5580000, 0x00000000f6f80000, 0x0000000100000000)
  eden space 15360K, 100% used [0x00000000f5580000,0x00000000f6480000,0x00000000f6480000)
  from space 5120K, 0% used [0x00000000f6480000,0x00000000f6480000,0x00000000f6980000)
  to   space 5120K, 0% used [0x00000000f6980000,0x00000000f6980000,0x00000000f6e80000)
 ParOldGen       total 349696K, used 349693K [0x00000000e0000000, 0x00000000f5580000, 0x00000000f5580000)
  object space 349696K, 99% used [0x00000000e0000000,0x00000000f557f6d0,0x00000000f5580000)
 Metaspace       used 56529K, committed 57664K, reserved 1105920K
  class space    used 5544K, committed 5952K, reserved 1048576K
}
Event: 109.400 GC heap after
{Heap after GC invocations=466 (full 341):
 PSYoungGen      total 20480K, used 15360K [0x00000000f5580000, 0x00000000f6f80000, 0x0000000100000000)
  eden space 15360K, 100% used [0x00000000f5580000,0x00000000f6480000,0x00000000f6480000)
  from space 5120K, 0% used [0x00000000f6980000,0x00000000f6980000,0x00000000f6e80000)
  to   space 5120K, 0% used [0x00000000f6480000,0x00000000f6480000,0x00000000f6980000)
 ParOldGen       total 349696K, used 349693K [0x00000000e0000000, 0x00000000f5580000, 0x00000000f5580000)
  object space 349696K, 99% used [0x00000000e0000000,0x00000000f557f6d0,0x00000000f5580000)
 Metaspace       used 56529K, committed 57664K, reserved 1105920K
  class space    used 5544K, committed 5952K, reserved 1048576K
}

